  treap.cpp
  bstDriver.cpp
d:\uwb-school\343\assignments\treap-p3\bst.h(8): error C2332: 'class': missing tag name
d:\uwb-school\343\assignments\treap-p3\bst.h(8): error C3306: '<unnamed-tag>': unnamed class template is not allowed
d:\uwb-school\343\assignments\treap-p3\bst.h(8): error C2988: unrecognizable template declaration/definition
d:\uwb-school\343\assignments\treap-p3\bst.h(8): error C2143: syntax error: missing ';' before 'constant'
d:\uwb-school\343\assignments\treap-p3\bst.h(8): error C2059: syntax error: 'constant'
d:\uwb-school\343\assignments\treap-p3\bst.h(9): error C2143: syntax error: missing ';' before '{'
d:\uwb-school\343\assignments\treap-p3\bst.h(9): error C2447: '{': missing function header (old-style formal list?)
d:\uwb-school\343\assignments\treap-p3\bst.cpp(6): error C2988: unrecognizable template declaration/definition
d:\uwb-school\343\assignments\treap-p3\bst.cpp(6): error C2059: syntax error: 'constant'
d:\uwb-school\343\assignments\treap-p3\bst.cpp(6): error C3083: 'Node': the symbol to the left of a '::' must be a type
d:\uwb-school\343\assignments\treap-p3\bst.cpp(6): error C2039: 'findKey': is not a member of '`global namespace''
d:\uwb-school\343\assignments\treap-p3\bst.cpp(7): error C2143: syntax error: missing ';' before '{'
d:\uwb-school\343\assignments\treap-p3\bst.cpp(7): error C2447: '{': missing function header (old-style formal list?)
d:\uwb-school\343\assignments\treap-p3\bst.cpp(30): error C2988: unrecognizable template declaration/definition
d:\uwb-school\343\assignments\treap-p3\bst.cpp(30): error C2059: syntax error: 'constant'
d:\uwb-school\343\assignments\treap-p3\bst.cpp(30): error C3083: 'Iterator': the symbol to the left of a '::' must be a type
d:\uwb-school\343\assignments\treap-p3\bst.cpp(30): error C2039: 'Iterator': is not a member of '`global namespace''
d:\uwb-school\343\assignments\treap-p3\bst.cpp(30): error C2143: syntax error: missing ';' before '{'
d:\uwb-school\343\assignments\treap-p3\bst.cpp(30): error C2447: '{': missing function header (old-style formal list?)
d:\uwb-school\343\assignments\treap-p3\bst.cpp(41): error C2988: unrecognizable template declaration/definition
d:\uwb-school\343\assignments\treap-p3\bst.cpp(41): error C2059: syntax error: 'constant'
d:\uwb-school\343\assignments\treap-p3\bst.cpp(41): error C2039: 'Iterator': is not a member of '`global namespace''
d:\uwb-school\343\assignments\treap-p3\bst.cpp(41): error C3083: 'Iterator': the symbol to the left of a '::' must be a type
d:\uwb-school\343\assignments\treap-p3\bst.cpp(41): error C2039: '++': is not a member of '`global namespace''
d:\uwb-school\343\assignments\treap-p3\bst.cpp(41): error C2143: syntax error: missing ';' before '{'
d:\uwb-school\343\assignments\treap-p3\bst.cpp(41): error C2447: '{': missing function header (old-style formal list?)
d:\uwb-school\343\assignments\treap-p3\bst.cpp(53): error C2988: unrecognizable template declaration/definition
d:\uwb-school\343\assignments\treap-p3\bst.cpp(53): error C2059: syntax error: 'constant'
d:\uwb-school\343\assignments\treap-p3\bst.cpp(53): error C3083: 'Iterator': the symbol to the left of a '::' must be a type
d:\uwb-school\343\assignments\treap-p3\bst.cpp(53): error C2039: 'leftmost': is not a member of '`global namespace''
d:\uwb-school\343\assignments\treap-p3\bst.cpp(53): error C2039: 'Node': is not a member of '`global namespace''
d:\uwb-school\343\assignments\treap-p3\bst.cpp(53): error C2143: syntax error: missing ';' before '{'
d:\uwb-school\343\assignments\treap-p3\bst.cpp(53): error C2447: '{': missing function header (old-style formal list?)
d:\uwb-school\343\assignments\treap-p3\bst.cpp(69): error C2988: unrecognizable template declaration/definition
d:\uwb-school\343\assignments\treap-p3\bst.cpp(69): error C2059: syntax error: 'constant'
d:\uwb-school\343\assignments\treap-p3\bst.cpp(69): error C2039: 'displaySideways': is not a member of '`global namespace''
d:\uwb-school\343\assignments\treap-p3\bst.cpp(69): error C2143: syntax error: missing ';' before '{'
d:\uwb-school\343\assignments\treap-p3\bst.cpp(69): error C2447: '{': missing function header (old-style formal list?)
d:\uwb-school\343\assignments\treap-p3\bst.cpp(74): error C2988: unrecognizable template declaration/definition
d:\uwb-school\343\assignments\treap-p3\bst.cpp(74): error C2059: syntax error: 'constant'
d:\uwb-school\343\assignments\treap-p3\bst.cpp(74): error C2039: '[]': is not a member of '`global namespace''
d:\uwb-school\343\assignments\treap-p3\bst.cpp(75): error C2143: syntax error: missing ';' before '{'
d:\uwb-school\343\assignments\treap-p3\bst.cpp(75): error C2447: '{': missing function header (old-style formal list?)
d:\uwb-school\343\assignments\treap-p3\bst.cpp(85): error C2988: unrecognizable template declaration/definition
d:\uwb-school\343\assignments\treap-p3\bst.cpp(85): error C2059: syntax error: 'constant'
d:\uwb-school\343\assignments\treap-p3\bst.cpp(85): error C2039: 'sideways': is not a member of '`global namespace''
d:\uwb-school\343\assignments\treap-p3\bst.cpp(85): error C2143: syntax error: missing ';' before '{'
d:\uwb-school\343\assignments\treap-p3\bst.cpp(85): error C2447: '{': missing function header (old-style formal list?)
d:\uwb-school\343\assignments\treap-p3\bstdriver.cpp(17): error C2275: 'std::string': illegal use of this type as an expression
  c:\program files (x86)\microsoft visual studio\2017\community\vc\tools\msvc\14.11.25503\include\xstring(4079): note: see declaration of 'std::string'
d:\uwb-school\343\assignments\treap-p3\bstdriver.cpp(17): error C2062: type 'int' unexpected
d:\uwb-school\343\assignments\treap-p3\bstdriver.cpp(18): error C2065: 'str': undeclared identifier
d:\uwb-school\343\assignments\treap-p3\bstdriver.cpp(19): error C2065: 'bintree': undeclared identifier
d:\uwb-school\343\assignments\treap-p3\bstdriver.cpp(19): error C2065: 'str': undeclared identifier
d:\uwb-school\343\assignments\treap-p3\bstdriver.cpp(21): error C2065: 'bintree': undeclared identifier
d:\uwb-school\343\assignments\treap-p3\bstdriver.cpp(21): error C3312: no callable 'begin' function found for type 'unknown-type'
d:\uwb-school\343\assignments\treap-p3\bstdriver.cpp(21): error C3312: no callable 'end' function found for type 'unknown-type'
d:\uwb-school\343\assignments\treap-p3\bstdriver.cpp(22): error C2065: 'item': undeclared identifier
d:\uwb-school\343\assignments\treap-p3\bstdriver.cpp(25): error C2065: 'bintree': undeclared identifier
  Generating Code...
